<?xml version="1.0" encoding="UTF-8"?>
<!-- Generated by org.testng.reporters.JUnitReportReporter -->
<testsuite hostname="RonaldTolentino" failures="0" tests="7" name="testCases.TC003_Login_DataDrivenTest" time="17.366" errors="0" timestamp="2025-05-22T19:38:47 PST" skipped="0">
  <testcase classname="testCases.TC003_Login_DataDrivenTest" name="loginDDT" time="1.786"/>
  <testcase classname="testCases.TC003_Login_DataDrivenTest" name="loginDDT" time="1.614"/>
  <testcase classname="testCases.TC003_Login_DataDrivenTest" name="loginDDT" time="3.570"/>
  <testcase classname="testCases.TC003_Login_DataDrivenTest" name="loginDDT" time="1.827"/>
  <testcase classname="testCases.TC003_Login_DataDrivenTest" name="loginDDT" time="1.504"/>
  <testcase classname="testCases.TC003_Login_DataDrivenTest" name="loginDDT" time="3.443"/>
  <testcase classname="testCases.TC003_Login_DataDrivenTest" name="loginDDT" time="3.622"/>
</testsuite> <!-- testCases.TC003_Login_DataDrivenTest -->
