<?xml version="1.0" encoding="UTF-8"?>
<!-- Generated by org.testng.reporters.JUnitReportReporter -->
<testsuite hostname="RonaldTolentino" failures="0" tests="1" name="testCases.TC001_ValidateRegistration" time="1.503" errors="0" timestamp="2025-05-22T19:57:38 PST" skipped="0">
  <testcase classname="testCases.TC001_ValidateRegistration" name="register" time="1.503"/>
</testsuite> <!-- testCases.TC001_ValidateRegistration -->
