<?xml version="1.0" encoding="UTF-8"?>
<!-- Generated by org.testng.reporters.JUnitReportReporter -->
<testsuite hostname="RonaldTolentino" failures="0" tests="7" name="testCases.TC003_Login_DataDrivenTest" time="18.889" errors="0" timestamp="2025-05-22T19:57:38 PST" skipped="0">
  <testcase classname="testCases.TC003_Login_DataDrivenTest" name="loginDDT" time="3.814"/>
  <testcase classname="testCases.TC003_Login_DataDrivenTest" name="loginDDT" time="1.592"/>
  <testcase classname="testCases.TC003_Login_DataDrivenTest" name="loginDDT" time="4.203"/>
  <testcase classname="testCases.TC003_Login_DataDrivenTest" name="loginDDT" time="1.498"/>
  <testcase classname="testCases.TC003_Login_DataDrivenTest" name="loginDDT" time="4.340"/>
  <testcase classname="testCases.TC003_Login_DataDrivenTest" name="loginDDT" time="1.907"/>
  <testcase classname="testCases.TC003_Login_DataDrivenTest" name="loginDDT" time="1.535"/>
</testsuite> <!-- testCases.TC003_Login_DataDrivenTest -->
