<?xml version="1.0" encoding="UTF-8"?>
<!-- Generated by org.testng.reporters.JUnitReportReporter -->
<testsuite hostname="RonaldTolentino" failures="0" tests="1" name="testCases.TC002_LoginTest" time="2.051" errors="0" timestamp="2025-05-22T19:57:38 PST" skipped="0">
  <testcase classname="testCases.TC002_LoginTest" name="login" time="2.051"/>
</testsuite> <!-- testCases.TC002_LoginTest -->
